<?xml version="1.0" encoding="UTF-8"?>
<!-- Generated by org.testng.reporters.JUnitXMLReporter -->
<testsuite ignored="0" hostname="DESKTOP-EG2TCBN" failures="1" tests="1" name="Default test(failed)" time="0.079" errors="0" timestamp="2022-06-29T23:50:28 IST">
  <testcase classname="crossBrowserTesting.Compatibility" name="myMethod" time="0.0">
    <failure type="org.testng.TestNGException" message="
Parameter &amp;apos;browserName&amp;apos; is required by @Test on method myMethod but has not been marked @Optional or defined
in C:\Users\Dell\eclipse-workspace\YogeshChavhan-Selenium\test-output\testng-failed.xml">
      <![CDATA[org.testng.TestNGException: 
Parameter 'browserName' is required by @Test on method myMethod but has not been marked @Optional or defined
in C:\Users\Dell\eclipse-workspace\YogeshChavhan-Selenium\test-output\testng-failed.xml
at java.base/java.util.ArrayList.forEach(ArrayList.java:1541)
... Removed 26 stack frames]]>
    </failure>
  </testcase> <!-- myMethod -->
</testsuite> <!-- Default test(failed) -->
