<?xml version="1.0" encoding="UTF-8"?>
<!-- Generated by org.testng.reporters.JUnitXMLReporter -->
<testsuite ignored="0" hostname="DESKTOP-EG2TCBN" failures="1" tests="1" name="FirefoxTest" time="18.648" errors="0" timestamp="2022-07-06T15:00:42 IST">
  <testcase classname="kiteTest.TestClass_for_CrossBrowser_with_Listener" name="validadeUserID" time="0.082">
    <failure type="java.lang.AssertionError" message="null">
      <![CDATA[java.lang.AssertionError: null
at kiteTest.TestClass_for_CrossBrowser_with_Listener.validadeUserID(TestClass_for_CrossBrowser_with_Listener.java:76)
at java.base/java.util.ArrayList.forEach(ArrayList.java:1541)
... Removed 29 stack frames]]>
    </failure>
  </testcase> <!-- validadeUserID -->
</testsuite> <!-- FirefoxTest -->
